<?xml version="1.0" encoding="UTF-8"?>
<testng-results ignored="0" total="1" passed="1" failed="0" skipped="0">
  <reporter-output>
  </reporter-output>
  <suite started-at="2021-08-23T22:22:31 IST" name="Default suite" finished-at="2021-08-23T22:24:27 IST" duration-ms="115631">
    <groups>
    </groups>
    <test started-at="2021-08-23T22:22:31 IST" name="Default test" finished-at="2021-08-23T22:24:27 IST" duration-ms="115631">
      <class name="com.testscenarios.AppleVacation">
        <test-method is-config="true" signature="beforeClass(java.lang.String)[pri:0, instance:com.testscenarios.AppleVacation@71238fc2]" started-at="2021-08-23T22:22:31 IST" name="beforeClass" finished-at="2021-08-23T22:22:36 IST" duration-ms="4611" status="PASS">
          <params>
            <param index="0">
              <value>
                <![CDATA[Chrome]]>
              </value>
            </param>
          </params>
          <reporter-output>
          </reporter-output>
        </test-method> <!-- beforeClass -->
        <test-method signature="f()[pri:0, instance:com.testscenarios.AppleVacation@71238fc2]" started-at="2021-08-23T22:22:36 IST" name="f" finished-at="2021-08-23T22:24:27 IST" duration-ms="110627" status="PASS">
          <reporter-output>
          </reporter-output>
        </test-method> <!-- f -->
        <test-method is-config="true" signature="afterMethod(org.testng.ITestResult)[pri:0, instance:com.testscenarios.AppleVacation@71238fc2]" started-at="2021-08-23T22:24:27 IST" name="afterMethod" finished-at="2021-08-23T22:24:27 IST" duration-ms="252" status="PASS">
          <params>
            <param index="0">
              <value>
                <![CDATA[[TestResult name=f status=SUCCESS method=AppleVacation.f()[pri:0, instance:com.testscenarios.AppleVacation@71238fc2] output={null}]]]>
              </value>
            </param>
          </params>
          <reporter-output>
          </reporter-output>
        </test-method> <!-- afterMethod -->
      </class> <!-- com.testscenarios.AppleVacation -->
    </test> <!-- Default test -->
  </suite> <!-- Default suite -->
</testng-results>
